01/22/2026 01:46:25 PM : INFO : ************** Test _001_Login *****************
01/22/2026 01:46:25 PM : INFO : ************** Verifying Home Page Title *******************
01/22/2026 01:46:33 PM : INFO : ************** home page title test is passed *******************
01/22/2026 01:46:34 PM : INFO : ************** Verifying Login test *******************
01/22/2026 01:46:41 PM : INFO : ************** Login test is passed *******************
01/22/2026 02:12:24 PM : INFO : ************** Test _001_Login *****************
01/22/2026 02:12:24 PM : INFO : ************** Verifying Home Page Title *******************
01/22/2026 02:12:27 PM : INFO : ************** home page title test is passed *******************
01/22/2026 02:12:27 PM : INFO : ************** Verifying Login test *******************
01/22/2026 02:12:31 PM : INFO : ************** Login test is passed *******************
01/22/2026 02:13:25 PM : INFO : ************** Test _001_Login *****************
01/22/2026 02:13:25 PM : INFO : ************** Verifying Home Page Title *******************
01/22/2026 02:15:27 PM : INFO : ************** Verifying Login test *******************
01/22/2026 02:42:59 PM : INFO : ************** Verifying Login test *******************
01/22/2026 02:42:59 PM : INFO : ************** Test _001_Login *****************
01/22/2026 02:42:59 PM : INFO : ************** Verifying Home Page Title *******************
01/22/2026 02:43:02 PM : INFO : ************** home page title test is passed *******************
01/22/2026 02:43:06 PM : ERROR : ************** Login test is failed *******************
01/22/2026 02:43:40 PM : INFO : ************** Test _001_Login *****************
01/22/2026 02:43:40 PM : INFO : ************** Verifying Home Page Title *******************
01/22/2026 02:43:40 PM : INFO : ************** Verifying Login test *******************
01/22/2026 02:43:49 PM : INFO : ************** home page title test is passed *******************
01/22/2026 02:43:50 PM : INFO : ************** Login test is passed *******************
01/22/2026 04:18:08 PM : INFO : ************** Test _001_Login *****************
01/22/2026 04:18:08 PM : INFO : ************** Verifying Home Page Title *******************
01/22/2026 04:20:30 PM : INFO : ************** Test _001_Login *****************
01/22/2026 04:20:30 PM : INFO : ************** Verifying Home Page Title *******************
01/22/2026 08:32:51 PM : INFO : *************** Test_002_DDT_Login ***************
01/22/2026 08:32:51 PM : INFO : ************** Verifying Login DDT test *******************
01/22/2026 08:35:52 PM : INFO : *************** Test_002_DDT_Login ***************
01/22/2026 08:35:52 PM : INFO : ************** Verifying Login DDT test *******************
01/22/2026 08:47:40 PM : INFO : *************** Test_002_DDT_Login ***************
01/22/2026 08:47:40 PM : INFO : ************** Verifying Login DDT test *******************
01/22/2026 08:57:33 PM : INFO : *************** Test_002_DDT_Login ***************
01/22/2026 08:57:34 PM : INFO : ************** Verifying Login DDT test *******************
01/22/2026 09:02:07 PM : INFO : *************** Test_002_DDT_Login ***************
01/22/2026 09:02:07 PM : INFO : ************** Verifying Login DDT test *******************
01/22/2026 09:03:57 PM : INFO : ************** passed ***************
01/22/2026 09:06:51 PM : INFO : *************** Test_002_DDT_Login ***************
01/22/2026 09:06:51 PM : INFO : ************** Verifying Login DDT test *******************
01/22/2026 09:15:48 PM : INFO : *************** Test_002_DDT_Login ***************
01/22/2026 09:15:48 PM : INFO : ************** Verifying Login DDT test *******************
01/22/2026 09:16:20 PM : INFO : ************** passed ***************
01/22/2026 09:17:09 PM : INFO : *************** Test_002_DDT_Login ***************
01/22/2026 09:17:09 PM : INFO : ************** Verifying Login DDT test *******************
01/22/2026 09:18:26 PM : INFO : ************** passed ***************
01/22/2026 09:26:41 PM : INFO : *************** Test_002_DDT_Login ***************
01/22/2026 09:26:41 PM : INFO : ************** Verifying Login DDT test *******************
01/22/2026 09:27:57 PM : INFO : *************** Test_002_DDT_Login ***************
01/22/2026 09:27:57 PM : INFO : ************** Verifying Login DDT test *******************
01/22/2026 09:29:51 PM : INFO : *************** Test_002_DDT_Login ***************
01/22/2026 09:29:51 PM : INFO : ************** Verifying Login DDT test *******************
01/22/2026 09:44:04 PM : INFO : *************** Test_002_DDT_Login ***************
01/22/2026 09:44:04 PM : INFO : ************** Verifying Login DDT test *******************
01/22/2026 09:54:29 PM : INFO : *************** Test_002_DDT_Login ***************
01/22/2026 09:54:29 PM : INFO : ************** Verifying Login DDT test *******************
01/22/2026 09:57:36 PM : INFO : *************** Test_002_DDT_Login ***************
01/22/2026 09:57:36 PM : INFO : ************** Verifying Login DDT test *******************
01/22/2026 10:03:27 PM : INFO : *************** Test_002_DDT_Login ***************
01/22/2026 10:03:27 PM : INFO : ************** Verifying Login DDT test *******************
01/23/2026 01:51:26 PM : INFO : ************** Test _003_AddCustomer *****************
01/23/2026 01:51:34 PM : INFO : ************** Login Successful ***************
01/23/2026 01:51:34 PM : INFO : ************** Starting Add Customer Test ***************
01/23/2026 01:56:42 PM : INFO : ************** Test _003_AddCustomer *****************
01/23/2026 01:56:46 PM : INFO : ************** Login Successful ***************
01/23/2026 01:56:46 PM : INFO : ************** Starting Add Customer Test ***************
01/23/2026 02:00:26 PM : INFO : ************** Test _003_AddCustomer *****************
01/23/2026 02:00:35 PM : INFO : ************** Login Successful ***************
01/23/2026 02:00:35 PM : INFO : ************** Starting Add Customer Test ***************
01/23/2026 02:01:28 PM : INFO : ************** Test _003_AddCustomer *****************
01/23/2026 02:01:36 PM : INFO : ************** Login Successful ***************
01/23/2026 02:01:36 PM : INFO : ************** Starting Add Customer Test ***************
01/23/2026 02:03:57 PM : INFO : ************** Test _003_AddCustomer *****************
01/23/2026 02:04:07 PM : INFO : ************** Login Successful ***************
01/23/2026 02:04:07 PM : INFO : ************** Starting Add Customer Test ***************
01/23/2026 02:04:24 PM : INFO : ************** Test _003_AddCustomer *****************
01/23/2026 02:05:00 PM : INFO : ************** Login Successful ***************
01/23/2026 02:05:00 PM : INFO : ************** Starting Add Customer Test ***************
01/23/2026 02:05:19 PM : INFO : ************** Test _003_AddCustomer *****************
01/23/2026 02:05:30 PM : INFO : ************** Login Successful ***************
01/23/2026 02:05:30 PM : INFO : ************** Starting Add Customer Test ***************
01/23/2026 02:15:06 PM : INFO : ************** Test _003_AddCustomer *****************
01/23/2026 02:15:16 PM : INFO : ************** Login Successful ***************
01/23/2026 02:15:16 PM : INFO : ************** Starting Add Customer Test ***************
01/23/2026 02:20:34 PM : INFO : ************** Test _003_AddCustomer *****************
01/23/2026 02:20:40 PM : INFO : ************** Login Successful ***************
01/23/2026 02:20:40 PM : INFO : ************** Starting Add Customer Test ***************
01/23/2026 02:21:22 PM : INFO : ************** Test _003_AddCustomer *****************
01/23/2026 02:21:27 PM : INFO : ************** Login Successful ***************
01/23/2026 02:21:27 PM : INFO : ************** Starting Add Customer Test ***************
01/23/2026 02:26:25 PM : INFO : ************** Test _003_AddCustomer *****************
01/23/2026 02:26:32 PM : INFO : ************** Login Successful ***************
01/23/2026 02:26:32 PM : INFO : ************** Starting Add Customer Test ***************
01/23/2026 02:27:02 PM : INFO : ************** Test _003_AddCustomer *****************
01/23/2026 02:27:08 PM : INFO : ************** Login Successful ***************
01/23/2026 02:27:08 PM : INFO : ************** Starting Add Customer Test ***************
01/23/2026 02:31:56 PM : INFO : ************** Test _003_AddCustomer *****************
01/23/2026 02:32:03 PM : INFO : ************** Login Successful ***************
01/23/2026 02:32:03 PM : INFO : ************** Starting Add Customer Test ***************
01/23/2026 02:32:13 PM : INFO : ************** Test _003_AddCustomer *****************
01/23/2026 02:32:18 PM : INFO : ************** Login Successful ***************
01/23/2026 02:32:18 PM : INFO : ************** Starting Add Customer Test ***************
01/23/2026 02:32:35 PM : INFO : ************** Test _003_AddCustomer *****************
01/23/2026 02:33:06 PM : INFO : ************** Login Successful ***************
01/23/2026 02:33:06 PM : INFO : ************** Starting Add Customer Test ***************
01/23/2026 02:35:23 PM : INFO : ************** Test _003_AddCustomer *****************
01/23/2026 02:35:29 PM : INFO : ************** Login Successful ***************
01/23/2026 02:35:29 PM : INFO : ************** Starting Add Customer Test ***************
01/23/2026 02:36:05 PM : INFO : ************** Test _003_AddCustomer *****************
01/23/2026 02:36:11 PM : INFO : ************** Login Successful ***************
01/23/2026 02:36:11 PM : INFO : ************** Starting Add Customer Test ***************
01/23/2026 02:36:28 PM : INFO : ************** Test _003_AddCustomer *****************
01/23/2026 02:36:34 PM : INFO : ************** Login Successful ***************
01/23/2026 02:36:34 PM : INFO : ************** Starting Add Customer Test ***************
01/23/2026 02:37:18 PM : INFO : ************** Providing customer info ***************
01/23/2026 02:37:31 PM : INFO : ************** Test _003_AddCustomer *****************
01/23/2026 02:37:38 PM : INFO : ************** Login Successful ***************
01/23/2026 02:37:38 PM : INFO : ************** Starting Add Customer Test ***************
01/23/2026 02:38:25 PM : INFO : ************** Test _003_AddCustomer *****************
01/23/2026 02:38:33 PM : INFO : ************** Login Successful ***************
01/23/2026 02:38:33 PM : INFO : ************** Starting Add Customer Test ***************
01/23/2026 02:38:56 PM : INFO : ************** Test _003_AddCustomer *****************
01/23/2026 02:39:06 PM : INFO : ************** Login Successful ***************
01/23/2026 02:39:06 PM : INFO : ************** Starting Add Customer Test ***************
01/23/2026 02:40:07 PM : INFO : ************** Test _003_AddCustomer *****************
01/23/2026 02:40:16 PM : INFO : ************** Login Successful ***************
01/23/2026 02:40:16 PM : INFO : ************** Starting Add Customer Test ***************
01/23/2026 02:40:35 PM : INFO : ************** Test _003_AddCustomer *****************
01/23/2026 02:40:43 PM : INFO : ************** Login Successful ***************
01/23/2026 02:40:43 PM : INFO : ************** Starting Add Customer Test ***************
01/23/2026 02:40:53 PM : INFO : ************** Test _003_AddCustomer *****************
01/23/2026 02:41:03 PM : INFO : ************** Login Successful ***************
01/23/2026 02:41:03 PM : INFO : ************** Starting Add Customer Test ***************
01/23/2026 02:50:26 PM : INFO : ************** Test _003_AddCustomer *****************
01/23/2026 02:50:37 PM : INFO : ************** Login Successful ***************
01/23/2026 02:50:37 PM : INFO : ************** Starting Add Customer Test ***************
01/23/2026 02:50:58 PM : INFO : ************** Test _003_AddCustomer *****************
01/23/2026 02:51:03 PM : INFO : ************** Login Successful ***************
01/23/2026 02:51:03 PM : INFO : ************** Starting Add Customer Test ***************
01/24/2026 12:06:02 PM : INFO : ************** SearchCustomerByEmail_004 *****************
01/24/2026 12:06:09 PM : INFO : ************** Login Successful ***************
01/24/2026 12:06:09 PM : INFO : ************** Starting Search Customer By Email ***************
01/24/2026 12:06:27 PM : INFO : ************** SearchCustomerByEmail_004 *****************
01/24/2026 12:06:33 PM : INFO : ************** Login Successful ***************
01/24/2026 12:06:33 PM : INFO : ************** Starting Search Customer By Email ***************
01/24/2026 12:14:37 PM : INFO : ************** SearchCustomerByEmail_004 *****************
01/24/2026 12:14:44 PM : INFO : ************** Login Successful ***************
01/24/2026 12:14:44 PM : INFO : ************** Starting Search Customer By Email ***************
01/24/2026 12:14:51 PM : INFO : ************** SearchCustomerByEmail_004 *****************
01/24/2026 12:14:59 PM : INFO : ************** Login Successful ***************
01/24/2026 12:14:59 PM : INFO : ************** Starting Search Customer By Email ***************
01/24/2026 12:15:31 PM : INFO : ************** SearchCustomerByEmail_004 *****************
01/24/2026 12:15:39 PM : INFO : ************** Login Successful ***************
01/24/2026 12:15:39 PM : INFO : ************** Starting Search Customer By Email ***************
01/24/2026 12:23:59 PM : INFO : ************** SearchCustomerByEmail_004 *****************
01/24/2026 12:24:26 PM : INFO : ************** Login Successful ***************
01/24/2026 12:24:26 PM : INFO : ************** Starting Search Customer By Email ***************
01/24/2026 12:24:58 PM : INFO : ************** SearchCustomerByEmail_004 *****************
01/24/2026 12:25:08 PM : INFO : ************** Login Successful ***************
01/24/2026 12:25:08 PM : INFO : ************** Starting Search Customer By Email ***************
01/24/2026 12:34:50 PM : INFO : ************** SearchCustomerByEmail_004 *****************
01/24/2026 12:34:54 PM : INFO : ************** Login Successful ***************
01/24/2026 12:34:54 PM : INFO : ************** Starting Search Customer By Email ***************
01/24/2026 12:35:04 PM : INFO : ************** SearchCustomerByEmail_004 *****************
01/24/2026 12:35:09 PM : INFO : ************** Login Successful ***************
01/24/2026 12:35:09 PM : INFO : ************** Starting Search Customer By Email ***************
01/24/2026 12:35:17 PM : INFO : ************** SearchCustomerByEmail_004 *****************
01/24/2026 12:35:23 PM : INFO : ************** Login Successful ***************
01/24/2026 12:35:23 PM : INFO : ************** Starting Search Customer By Email ***************
01/24/2026 12:39:20 PM : INFO : ************** SearchCustomerByEmail_004 *****************
01/24/2026 12:39:43 PM : INFO : ************** Login Successful ***************
01/24/2026 12:39:43 PM : INFO : ************** Starting Search Customer By Email ***************
01/24/2026 12:41:50 PM : INFO : ************** SearchCustomerByEmail_004 *****************
01/24/2026 12:41:55 PM : INFO : ************** Login Successful ***************
01/24/2026 12:41:55 PM : INFO : ************** Starting Search Customer By Email ***************
01/24/2026 12:42:02 PM : INFO : ************** SearchCustomerByEmail_004 *****************
01/24/2026 12:42:07 PM : INFO : ************** Login Successful ***************
01/24/2026 12:42:07 PM : INFO : ************** Starting Search Customer By Email ***************
01/24/2026 12:43:00 PM : INFO : ************** SearchCustomerByEmail_004 *****************
01/24/2026 12:43:06 PM : INFO : ************** Login Successful ***************
01/24/2026 12:43:06 PM : INFO : ************** Starting Search Customer By Email ***************
01/24/2026 12:46:30 PM : INFO : ************** SearchCustomerByEmail_004 *****************
01/24/2026 12:46:34 PM : INFO : ************** Login Successful ***************
01/24/2026 12:46:34 PM : INFO : ************** Starting Search Customer By Email ***************
01/24/2026 01:10:25 PM : INFO : ************** SearchCustomerByEmail_004 *****************
01/24/2026 01:10:29 PM : INFO : ************** Login Successful ***************
01/24/2026 01:10:29 PM : INFO : ************** Starting Search Customer By Email ***************
01/24/2026 01:11:33 PM : INFO : ************** SearchCustomerByEmail_004 *****************
01/24/2026 01:11:37 PM : INFO : ************** Login Successful ***************
01/24/2026 01:11:37 PM : INFO : ************** Starting Search Customer By Email ***************
01/24/2026 01:12:33 PM : INFO : ************** SearchCustomerByEmail_004 *****************
01/24/2026 01:12:44 PM : INFO : ************** Login Successful ***************
01/24/2026 01:12:44 PM : INFO : ************** Starting Search Customer By Email ***************
01/25/2026 01:16:05 PM : INFO : ************** Test _003_AddCustomer *****************
01/25/2026 01:16:12 PM : INFO : ************** Login Successful ***************
01/25/2026 01:16:12 PM : INFO : ************** Starting Add Customer Test ***************
01/25/2026 01:16:13 PM : INFO : ************** Verifying Login test *******************
01/25/2026 01:16:17 PM : ERROR : ************** Login test is failed *******************
01/25/2026 01:31:28 PM : INFO : ************** Test _003_AddCustomer *****************
01/25/2026 01:31:56 PM : INFO : ************** Login Successful ***************
01/25/2026 01:31:56 PM : INFO : ************** Starting Add Customer Test ***************
01/25/2026 01:32:35 PM : INFO : ************** Providing customer info ***************
01/25/2026 01:32:36 PM : INFO : ************** Verifying Login test *******************
01/25/2026 01:33:15 PM : INFO : ************** Login test is passed *******************
01/25/2026 01:39:45 PM : INFO : ************** Test _003_AddCustomer *****************
01/25/2026 01:40:58 PM : INFO : ************** Login Successful ***************
01/25/2026 01:40:58 PM : INFO : ************** Starting Add Customer Test ***************
01/25/2026 01:41:29 PM : INFO : ************** Providing customer info ***************
01/25/2026 01:41:30 PM : INFO : ************** Verifying Login test *******************
01/25/2026 01:42:46 PM : INFO : ************** Login test is passed *******************
